
=== Tue Jun 23 08:05:49 2026

Packages were changed.
Update Mode: mergeDefaultDependencies

The following packages were added:
  com.unity.modules.adaptiveperformance@1.0.0
  com.unity.modules.ai@1.0.0
  com.unity.modules.androidjni@1.0.0
  com.unity.modules.animation@1.0.0
  com.unity.modules.assetbundle@1.0.0
  com.unity.modules.audio@1.0.0
  com.unity.modules.cloth@1.0.0
  com.unity.modules.director@1.0.0
  com.unity.modules.imageconversion@1.0.0
  com.unity.modules.imgui@1.0.0
  com.unity.modules.jsonserialize@1.0.0
  com.unity.modules.particlesystem@1.0.0
  com.unity.modules.physics@1.0.0
  com.unity.modules.physics2d@1.0.0
  com.unity.modules.screencapture@1.0.0
  com.unity.modules.terrain@1.0.0
  com.unity.modules.terrainphysics@1.0.0
  com.unity.modules.tilemap@1.0.0
  com.unity.modules.ui@1.0.0
  com.unity.modules.uielements@1.0.0
  com.unity.modules.umbra@1.0.0
  com.unity.modules.unityanalytics@1.0.0
  com.unity.modules.unitywebrequest@1.0.0
  com.unity.modules.unitywebrequestassetbundle@1.0.0
  com.unity.modules.unitywebrequestaudio@1.0.0
  com.unity.modules.unitywebrequesttexture@1.0.0
  com.unity.modules.unitywebrequestwww@1.0.0
  com.unity.modules.vectorgraphics@1.0.0
  com.unity.modules.vehicles@1.0.0
  com.unity.modules.video@1.0.0
  com.unity.modules.vr@1.0.0
  com.unity.modules.wind@1.0.0
  com.unity.modules.xr@1.0.0
  com.unity.modules.accessibility@1.0.0
  com.unity.multiplayer.center@1.0.1
The following packages were updated:
  com.unity.collab-proxy from version 2.6.0 to 2.12.4
  com.unity.2d.animation from version 10.1.4 to 13.0.5
  com.unity.2d.psdimporter from version 10.0.0 to 12.0.2
  com.unity.2d.spriteshape from version 10.0.7 to 13.0.0
  com.unity.2d.tilemap.extras from version 4.2.1 to 6.0.2
  com.unity.2d.aseprite from version 1.2.1 to 3.0.2
  com.unity.2d.tooling from version 1.0.0 to 1.0.3
  com.unity.ide.rider from version 3.0.34 to 3.0.40
  com.unity.ide.visualstudio from version 2.0.22 to 2.0.26
  com.unity.inputsystem from version 1.12.0 to 1.19.0
  com.unity.render-pipelines.universal from version 17.0.3 to 17.3.0
  com.unity.test-framework from version 1.4.5 to 1.6.0
  com.unity.timeline from version 1.8.7 to 1.8.12
  com.unity.visualscripting from version 1.9.5 to 1.9.11

=== Tue Jun 30 10:07:46 2026

Packages were changed.
Update Mode: updateDependencies

The following packages were updated:
  com.unity.ai.navigation from version 2.0.9 to 2.0.13
  com.unity.burst from version 1.8.25 to 1.8.29
  com.unity.collections from version 2.6.2 to 2.6.6
  com.unity.ide.rider from version 3.0.38 to 3.0.40
  com.unity.ide.visualstudio from version 2.0.25 to 2.0.26
  com.unity.inputsystem from version 1.16.0 to 1.19.0
  com.unity.postprocessing from version 3.5.1 to 3.5.4
  com.unity.splines from version 2.8.2 to 2.8.4
  com.unity.test-framework.performance from version 3.2.0 to 3.5.0

=== Tue Jun 30 10:07:46 2026

Packages were changed.
Update Mode: mergeDefaultDependencies

The following packages were added:
  com.unity.ai.navigation@2.0.13
  com.unity.burst@1.8.29
  com.unity.cinemachine@3.1.4
  com.unity.collections@2.6.6
  com.unity.ext.nunit@2.0.5
  com.unity.mathematics@1.3.3
  com.unity.nuget.mono-cecil@1.11.6
  com.unity.nuget.newtonsoft-json@3.2.2
  com.unity.postprocessing@3.5.4
  com.unity.render-pipelines.core@17.3.0
  com.unity.render-pipelines.universal-config@17.0.3
  com.unity.searcher@4.9.4
  com.unity.settings-manager@2.1.1
  com.unity.shadergraph@17.3.0
  com.unity.splines@2.8.4
  com.unity.test-framework.performance@3.5.0
